#
# A fatal error has been detected by the Java Runtime Environment:
#
#  Internal Error (generateOopMap.cpp:2164), pid=97285, tid=97298
#  fatal error: Illegal class file encountered. Try running with -Xverify:all in method main
#
# JRE version: OpenJDK Runtime Environment (11.0.10+9) (build 11.0.10+9-Ubuntu-0ubuntu1.20.04)
# Java VM: OpenJDK 64-Bit Server VM (11.0.10+9-Ubuntu-0ubuntu1.20.04, mixed mode, sharing, tiered, compressed oops, g1 gc, linux-amd64)
# Core dump will be written. Default location: Core dumps may be processed with "/usr/share/apport/apport %p %s %c %d %P %E" (or dumping to /home/bruno/eclipse-workspace/estrutura-dados/core.97285)
#
# If you would like to submit a bug report, please visit:
#   https://bugs.launchpad.net/ubuntu/+source/openjdk-lts
#

---------------  S U M M A R Y ------------

Command Line: -agentlib:jdwp=transport=dt_socket,suspend=y,address=localhost:42353 -javaagent:/home/bruno/eclipse/java-2020-12/eclipse/configuration/org.eclipse.osgi/215/0/.cp/lib/javaagent-shaded.jar -Dfile.encoding=UTF-8 br.com.ed.fila.TesteDeque

Host: Intel(R) Core(TM) i5-8265U CPU @ 1.60GHz, 8 cores, 7G, Ubuntu 20.04.1 LTS
Time: Mon Feb 15 17:04:00 2021 -03 elapsed time: 3151.953880 seconds (0d 0h 52m 31s)

---------------  T H R E A D  ---------------

Current thread (0x00007fa304186800):  VMThread "VM Thread" [stack: 0x00007fa2df47b000,0x00007fa2df57b000] [id=97298]

Stack: [0x00007fa2df47b000,0x00007fa2df57b000],  sp=0x00007fa2df578c80,  free space=1015k
Native frames: (J=compiled Java code, A=aot compiled Java code, j=interpreted, Vv=VM code, C=native code)
V  [libjvm.so+0xe850ba]
V  [libjvm.so+0xe85d65]
V  [libjvm.so+0x66ab5f]
V  [libjvm.so+0x7c70f2]
V  [libjvm.so+0x7c719b]
V  [libjvm.so+0x7ca7e9]
V  [libjvm.so+0x7cc413]
V  [libjvm.so+0x7cdea4]
V  [libjvm.so+0x7ce173]
V  [libjvm.so+0xbbd8a4]
V  [libjvm.so+0xbbe59b]
V  [libjvm.so+0xbbeaab]
V  [libjvm.so+0xb5f6fe]
V  [libjvm.so+0x9efc0e]
V  [libjvm.so+0xe87960]
V  [libjvm.so+0xe8d847]
V  [libjvm.so+0xe8de80]
V  [libjvm.so+0xe8e1e6]
V  [libjvm.so+0xe17b40]
V  [libjvm.so+0xbd5436]

VM_Operation (0x00007fa2de5fc950): GetOrSetLocal, mode: safepoint, requested by thread 0x00007fa304258800


---------------  P R O C E S S  ---------------

Threads class SMR info:
_java_thread_list=0x00007fa2a402c430, length=13, elements={
0x00007fa304018000, 0x00007fa304189800, 0x00007fa304193800, 0x00007fa304199000,
0x00007fa30419b000, 0x00007fa30419d800, 0x00007fa30419f800, 0x00007fa3041a1800,
0x00007fa3041e7000, 0x00007fa304258800, 0x00007fa30425d000, 0x00007fa2a8001800,
0x00007fa2bc001000
}

Java Threads: ( => current thread )
  0x00007fa304018000 JavaThread "main" [_thread_blocked, id=97291, stack(0x00007fa30b78b000,0x00007fa30b88c000)]
  0x00007fa304189800 JavaThread "Reference Handler" daemon [_thread_blocked, id=97299, stack(0x00007fa2df378000,0x00007fa2df479000)]
  0x00007fa304193800 JavaThread "Finalizer" daemon [_thread_blocked, id=97300, stack(0x00007fa2df277000,0x00007fa2df378000)]
  0x00007fa304199000 JavaThread "Signal Dispatcher" daemon [_thread_blocked, id=97301, stack(0x00007fa2dec04000,0x00007fa2ded05000)]
  0x00007fa30419b000 JavaThread "Service Thread" daemon [_thread_blocked, id=97302, stack(0x00007fa2deb03000,0x00007fa2dec04000)]
  0x00007fa30419d800 JavaThread "C2 CompilerThread0" daemon [_thread_blocked, id=97303, stack(0x00007fa2dea02000,0x00007fa2deb03000)]
  0x00007fa30419f800 JavaThread "C1 CompilerThread0" daemon [_thread_blocked, id=97304, stack(0x00007fa2de901000,0x00007fa2dea02000)]
  0x00007fa3041a1800 JavaThread "Sweeper thread" daemon [_thread_blocked, id=97305, stack(0x00007fa2de800000,0x00007fa2de901000)]
  0x00007fa3041e7000 JavaThread "Common-Cleaner" daemon [_thread_blocked, id=97306, stack(0x00007fa2de6ff000,0x00007fa2de800000)]
  0x00007fa304258800 JavaThread "JDWP Transport Listener: dt_socket" daemon [_thread_blocked, id=97311, stack(0x00007fa2de4fd000,0x00007fa2de5fe000)] _threads_hazard_ptr=0x00007fa2a402c430
  0x00007fa30425d000 JavaThread "JDWP Event Helper Thread" daemon [_thread_blocked, id=97312, stack(0x00007fa2de3fc000,0x00007fa2de4fd000)]
  0x00007fa2a8001800 JavaThread "JDWP Command Reader" daemon [_thread_in_native, id=97313, stack(0x00007fa2de2fb000,0x00007fa2de3fc000)]
  0x00007fa2bc001000 JavaThread "Attach Listener" daemon [_thread_blocked, id=97325, stack(0x00007fa2de0f8000,0x00007fa2de1f9000)]

Other Threads:
=>0x00007fa304186800 VMThread "VM Thread" [stack: 0x00007fa2df47b000,0x00007fa2df57b000] [id=97298]
  0x00007fa3042f1800 WatcherThread [stack: 0x00007fa2de1fb000,0x00007fa2de2fb000] [id=97316]
  0x00007fa304030000 GCTaskThread "GC Thread#0" [stack: 0x00007fa30b3f2000,0x00007fa30b4f2000] [id=97292]
  0x00007fa304061000 ConcurrentGCThread "G1 Main Marker" [stack: 0x00007fa308042000,0x00007fa308142000] [id=97293]
  0x00007fa304063000 ConcurrentGCThread "G1 Conc#0" [stack: 0x00007fa2ec791000,0x00007fa2ec891000] [id=97294]
  0x00007fa3040ec000 ConcurrentGCThread "G1 Refine#0" [stack: 0x00007fa2dff00000,0x00007fa2e0000000] [id=97296]
  0x00007fa3040ed800 ConcurrentGCThread "G1 Young RemSet Sampling" [stack: 0x00007fa2dfdfe000,0x00007fa2dfefe000] [id=97297]

Threads with active compile tasks:

VM state:at safepoint (normal execution)

VM Mutex/Monitor currently owned by a thread:  ([mutex/lock_event])
[0x00007fa3040147e0] Threads_lock - owner thread: 0x00007fa304186800

Heap address: 0x0000000085600000, size: 1962 MB, Compressed Oops mode: 32-bit
Narrow klass base: 0x0000000800000000, Narrow klass shift: 3
Compressed class space size: 1073741824 Address: 0x0000000840000000

Heap:
 garbage-first heap   total 129024K, used 6856K [0x0000000085600000, 0x0000000100000000)
  region size 1024K, 8 young (8192K), 0 survivors (0K)
 Metaspace       used 3230K, capacity 5130K, committed 5376K, reserved 1056768K
  class space    used 287K, capacity 451K, committed 512K, reserved 1048576K
Heap Regions: E=young(eden), S=young(survivor), O=old, HS=humongous(starts), HC=humongous(continues), CS=collection set, F=free, A=archive, TAMS=top-at-mark-start (previous, next)
|   0|0x0000000085600000, 0x0000000085600000, 0x0000000085700000|  0%| F|  |TAMS 0x0000000085600000, 0x0000000085600000| Untracked 
|   1|0x0000000085700000, 0x0000000085700000, 0x0000000085800000|  0%| F|  |TAMS 0x0000000085700000, 0x0000000085700000| Untracked 
|   2|0x0000000085800000, 0x0000000085800000, 0x0000000085900000|  0%| F|  |TAMS 0x0000000085800000, 0x0000000085800000| Untracked 
|   3|0x0000000085900000, 0x0000000085900000, 0x0000000085a00000|  0%| F|  |TAMS 0x0000000085900000, 0x0000000085900000| Untracked 
|   4|0x0000000085a00000, 0x0000000085a00000, 0x0000000085b00000|  0%| F|  |TAMS 0x0000000085a00000, 0x0000000085a00000| Untracked 
|   5|0x0000000085b00000, 0x0000000085b00000, 0x0000000085c00000|  0%| F|  |TAMS 0x0000000085b00000, 0x0000000085b00000| Untracked 
|   6|0x0000000085c00000, 0x0000000085c00000, 0x0000000085d00000|  0%| F|  |TAMS 0x0000000085c00000, 0x0000000085c00000| Untracked 
|   7|0x0000000085d00000, 0x0000000085d00000, 0x0000000085e00000|  0%| F|  |TAMS 0x0000000085d00000, 0x0000000085d00000| Untracked 
|   8|0x0000000085e00000, 0x0000000085e00000, 0x0000000085f00000|  0%| F|  |TAMS 0x0000000085e00000, 0x0000000085e00000| Untracked 
|   9|0x0000000085f00000, 0x0000000085f00000, 0x0000000086000000|  0%| F|  |TAMS 0x0000000085f00000, 0x0000000085f00000| Untracked 
|  10|0x0000000086000000, 0x0000000086000000, 0x0000000086100000|  0%| F|  |TAMS 0x0000000086000000, 0x0000000086000000| Untracked 
|  11|0x0000000086100000, 0x0000000086100000, 0x0000000086200000|  0%| F|  |TAMS 0x0000000086100000, 0x0000000086100000| Untracked 
|  12|0x0000000086200000, 0x0000000086200000, 0x0000000086300000|  0%| F|  |TAMS 0x0000000086200000, 0x0000000086200000| Untracked 
|  13|0x0000000086300000, 0x0000000086300000, 0x0000000086400000|  0%| F|  |TAMS 0x0000000086300000, 0x0000000086300000| Untracked 
|  14|0x0000000086400000, 0x0000000086400000, 0x0000000086500000|  0%| F|  |TAMS 0x0000000086400000, 0x0000000086400000| Untracked 
|  15|0x0000000086500000, 0x0000000086500000, 0x0000000086600000|  0%| F|  |TAMS 0x0000000086500000, 0x0000000086500000| Untracked 
|  16|0x0000000086600000, 0x0000000086600000, 0x0000000086700000|  0%| F|  |TAMS 0x0000000086600000, 0x0000000086600000| Untracked 
|  17|0x0000000086700000, 0x0000000086700000, 0x0000000086800000|  0%| F|  |TAMS 0x0000000086700000, 0x0000000086700000| Untracked 
|  18|0x0000000086800000, 0x0000000086800000, 0x0000000086900000|  0%| F|  |TAMS 0x0000000086800000, 0x0000000086800000| Untracked 
|  19|0x0000000086900000, 0x0000000086900000, 0x0000000086a00000|  0%| F|  |TAMS 0x0000000086900000, 0x0000000086900000| Untracked 
|  20|0x0000000086a00000, 0x0000000086a00000, 0x0000000086b00000|  0%| F|  |TAMS 0x0000000086a00000, 0x0000000086a00000| Untracked 
|  21|0x0000000086b00000, 0x0000000086b00000, 0x0000000086c00000|  0%| F|  |TAMS 0x0000000086b00000, 0x0000000086b00000| Untracked 
|  22|0x0000000086c00000, 0x0000000086c00000, 0x0000000086d00000|  0%| F|  |TAMS 0x0000000086c00000, 0x0000000086c00000| Untracked 
|  23|0x0000000086d00000, 0x0000000086d00000, 0x0000000086e00000|  0%| F|  |TAMS 0x0000000086d00000, 0x0000000086d00000| Untracked 
|  24|0x0000000086e00000, 0x0000000086e00000, 0x0000000086f00000|  0%| F|  |TAMS 0x0000000086e00000, 0x0000000086e00000| Untracked 
|  25|0x0000000086f00000, 0x0000000086f00000, 0x0000000087000000|  0%| F|  |TAMS 0x0000000086f00000, 0x0000000086f00000| Untracked 
|  26|0x0000000087000000, 0x0000000087000000, 0x0000000087100000|  0%| F|  |TAMS 0x0000000087000000, 0x0000000087000000| Untracked 
|  27|0x0000000087100000, 0x0000000087100000, 0x0000000087200000|  0%| F|  |TAMS 0x0000000087100000, 0x0000000087100000| Untracked 
|  28|0x0000000087200000, 0x0000000087200000, 0x0000000087300000|  0%| F|  |TAMS 0x0000000087200000, 0x0000000087200000| Untracked 
|  29|0x0000000087300000, 0x0000000087300000, 0x0000000087400000|  0%| F|  |TAMS 0x0000000087300000, 0x0000000087300000| Untracked 
|  30|0x0000000087400000, 0x0000000087400000, 0x0000000087500000|  0%| F|  |TAMS 0x0000000087400000, 0x0000000087400000| Untracked 
|  31|0x0000000087500000, 0x0000000087500000, 0x0000000087600000|  0%| F|  |TAMS 0x0000000087500000, 0x0000000087500000| Untracked 
|  32|0x0000000087600000, 0x0000000087600000, 0x0000000087700000|  0%| F|  |TAMS 0x0000000087600000, 0x0000000087600000| Untracked 
|  33|0x0000000087700000, 0x0000000087700000, 0x0000000087800000|  0%| F|  |TAMS 0x0000000087700000, 0x0000000087700000| Untracked 
|  34|0x0000000087800000, 0x0000000087800000, 0x0000000087900000|  0%| F|  |TAMS 0x0000000087800000, 0x0000000087800000| Untracked 
|  35|0x0000000087900000, 0x0000000087900000, 0x0000000087a00000|  0%| F|  |TAMS 0x0000000087900000, 0x0000000087900000| Untracked 
|  36|0x0000000087a00000, 0x0000000087a00000, 0x0000000087b00000|  0%| F|  |TAMS 0x0000000087a00000, 0x0000000087a00000| Untracked 
|  37|0x0000000087b00000, 0x0000000087b00000, 0x0000000087c00000|  0%| F|  |TAMS 0x0000000087b00000, 0x0000000087b00000| Untracked 
|  38|0x0000000087c00000, 0x0000000087c00000, 0x0000000087d00000|  0%| F|  |TAMS 0x0000000087c00000, 0x0000000087c00000| Untracked 
|  39|0x0000000087d00000, 0x0000000087d00000, 0x0000000087e00000|  0%| F|  |TAMS 0x0000000087d00000, 0x0000000087d00000| Untracked 
|  40|0x0000000087e00000, 0x0000000087e00000, 0x0000000087f00000|  0%| F|  |TAMS 0x0000000087e00000, 0x0000000087e00000| Untracked 
|  41|0x0000000087f00000, 0x0000000087f00000, 0x0000000088000000|  0%| F|  |TAMS 0x0000000087f00000, 0x0000000087f00000| Untracked 
|  42|0x0000000088000000, 0x0000000088000000, 0x0000000088100000|  0%| F|  |TAMS 0x0000000088000000, 0x0000000088000000| Untracked 
|  43|0x0000000088100000, 0x0000000088100000, 0x0000000088200000|  0%| F|  |TAMS 0x0000000088100000, 0x0000000088100000| Untracked 
|  44|0x0000000088200000, 0x0000000088200000, 0x0000000088300000|  0%| F|  |TAMS 0x0000000088200000, 0x0000000088200000| Untracked 
|  45|0x0000000088300000, 0x0000000088300000, 0x0000000088400000|  0%| F|  |TAMS 0x0000000088300000, 0x0000000088300000| Untracked 
|  46|0x0000000088400000, 0x0000000088400000, 0x0000000088500000|  0%| F|  |TAMS 0x0000000088400000, 0x0000000088400000| Untracked 
|  47|0x0000000088500000, 0x0000000088500000, 0x0000000088600000|  0%| F|  |TAMS 0x0000000088500000, 0x0000000088500000| Untracked 
|  48|0x0000000088600000, 0x0000000088600000, 0x0000000088700000|  0%| F|  |TAMS 0x0000000088600000, 0x0000000088600000| Untracked 
|  49|0x0000000088700000, 0x0000000088700000, 0x0000000088800000|  0%| F|  |TAMS 0x0000000088700000, 0x0000000088700000| Untracked 
|  50|0x0000000088800000, 0x0000000088800000, 0x0000000088900000|  0%| F|  |TAMS 0x0000000088800000, 0x0000000088800000| Untracked 
|  51|0x0000000088900000, 0x0000000088900000, 0x0000000088a00000|  0%| F|  |TAMS 0x0000000088900000, 0x0000000088900000| Untracked 
|  52|0x0000000088a00000, 0x0000000088a00000, 0x0000000088b00000|  0%| F|  |TAMS 0x0000000088a00000, 0x0000000088a00000| Untracked 
|  53|0x0000000088b00000, 0x0000000088b00000, 0x0000000088c00000|  0%| F|  |TAMS 0x0000000088b00000, 0x0000000088b00000| Untracked 
|  54|0x0000000088c00000, 0x0000000088c00000, 0x0000000088d00000|  0%| F|  |TAMS 0x0000000088c00000, 0x0000000088c00000| Untracked 
|  55|0x0000000088d00000, 0x0000000088d00000, 0x0000000088e00000|  0%| F|  |TAMS 0x0000000088d00000, 0x0000000088d00000| Untracked 
|  56|0x0000000088e00000, 0x0000000088e00000, 0x0000000088f00000|  0%| F|  |TAMS 0x0000000088e00000, 0x0000000088e00000| Untracked 
|  57|0x0000000088f00000, 0x0000000088f00000, 0x0000000089000000|  0%| F|  |TAMS 0x0000000088f00000, 0x0000000088f00000| Untracked 
|  58|0x0000000089000000, 0x0000000089000000, 0x0000000089100000|  0%| F|  |TAMS 0x0000000089000000, 0x0000000089000000| Untracked 
|  59|0x0000000089100000, 0x0000000089100000, 0x0000000089200000|  0%| F|  |TAMS 0x0000000089100000, 0x0000000089100000| Untracked 
|  60|0x0000000089200000, 0x0000000089200000, 0x0000000089300000|  0%| F|  |TAMS 0x0000000089200000, 0x0000000089200000| Untracked 
|  61|0x0000000089300000, 0x0000000089300000, 0x0000000089400000|  0%| F|  |TAMS 0x0000000089300000, 0x0000000089300000| Untracked 
|  62|0x0000000089400000, 0x0000000089400000, 0x0000000089500000|  0%| F|  |TAMS 0x0000000089400000, 0x0000000089400000| Untracked 
|  63|0x0000000089500000, 0x0000000089500000, 0x0000000089600000|  0%| F|  |TAMS 0x0000000089500000, 0x0000000089500000| Untracked 
|  64|0x0000000089600000, 0x0000000089600000, 0x0000000089700000|  0%| F|  |TAMS 0x0000000089600000, 0x0000000089600000| Untracked 
|  65|0x0000000089700000, 0x0000000089700000, 0x0000000089800000|  0%| F|  |TAMS 0x0000000089700000, 0x0000000089700000| Untracked 
|  66|0x0000000089800000, 0x0000000089800000, 0x0000000089900000|  0%| F|  |TAMS 0x0000000089800000, 0x0000000089800000| Untracked 
|  67|0x0000000089900000, 0x0000000089900000, 0x0000000089a00000|  0%| F|  |TAMS 0x0000000089900000, 0x0000000089900000| Untracked 
|  68|0x0000000089a00000, 0x0000000089a00000, 0x0000000089b00000|  0%| F|  |TAMS 0x0000000089a00000, 0x0000000089a00000| Untracked 
|  69|0x0000000089b00000, 0x0000000089b00000, 0x0000000089c00000|  0%| F|  |TAMS 0x0000000089b00000, 0x0000000089b00000| Untracked 
|  70|0x0000000089c00000, 0x0000000089c00000, 0x0000000089d00000|  0%| F|  |TAMS 0x0000000089c00000, 0x0000000089c00000| Untracked 
|  71|0x0000000089d00000, 0x0000000089d00000, 0x0000000089e00000|  0%| F|  |TAMS 0x0000000089d00000, 0x0000000089d00000| Untracked 
|  72|0x0000000089e00000, 0x0000000089e00000, 0x0000000089f00000|  0%| F|  |TAMS 0x0000000089e00000, 0x0000000089e00000| Untracked 
|  73|0x0000000089f00000, 0x0000000089f00000, 0x000000008a000000|  0%| F|  |TAMS 0x0000000089f00000, 0x0000000089f00000| Untracked 
|  74|0x000000008a000000, 0x000000008a000000, 0x000000008a100000|  0%| F|  |TAMS 0x000000008a000000, 0x000000008a000000| Untracked 
|  75|0x000000008a100000, 0x000000008a100000, 0x000000008a200000|  0%| F|  |TAMS 0x000000008a100000, 0x000000008a100000| Untracked 
|  76|0x000000008a200000, 0x000000008a200000, 0x000000008a300000|  0%| F|  |TAMS 0x000000008a200000, 0x000000008a200000| Untracked 
|  77|0x000000008a300000, 0x000000008a300000, 0x000000008a400000|  0%| F|  |TAMS 0x000000008a300000, 0x000000008a300000| Untracked 
|  78|0x000000008a400000, 0x000000008a400000, 0x000000008a500000|  0%| F|  |TAMS 0x000000008a400000, 0x000000008a400000| Untracked 
|  79|0x000000008a500000, 0x000000008a500000, 0x000000008a600000|  0%| F|  |TAMS 0x000000008a500000, 0x000000008a500000| Untracked 
|  80|0x000000008a600000, 0x000000008a600000, 0x000000008a700000|  0%| F|  |TAMS 0x000000008a600000, 0x000000008a600000| Untracked 
|  81|0x000000008a700000, 0x000000008a700000, 0x000000008a800000|  0%| F|  |TAMS 0x000000008a700000, 0x000000008a700000| Untracked 
|  82|0x000000008a800000, 0x000000008a800000, 0x000000008a900000|  0%| F|  |TAMS 0x000000008a800000, 0x000000008a800000| Untracked 
|  83|0x000000008a900000, 0x000000008a900000, 0x000000008aa00000|  0%| F|  |TAMS 0x000000008a900000, 0x000000008a900000| Untracked 
|  84|0x000000008aa00000, 0x000000008aa00000, 0x000000008ab00000|  0%| F|  |TAMS 0x000000008aa00000, 0x000000008aa00000| Untracked 
|  85|0x000000008ab00000, 0x000000008ab00000, 0x000000008ac00000|  0%| F|  |TAMS 0x000000008ab00000, 0x000000008ab00000| Untracked 
|  86|0x000000008ac00000, 0x000000008ac00000, 0x000000008ad00000|  0%| F|  |TAMS 0x000000008ac00000, 0x000000008ac00000| Untracked 
|  87|0x000000008ad00000, 0x000000008ad00000, 0x000000008ae00000|  0%| F|  |TAMS 0x000000008ad00000, 0x000000008ad00000| Untracked 
|  88|0x000000008ae00000, 0x000000008ae00000, 0x000000008af00000|  0%| F|  |TAMS 0x000000008ae00000, 0x000000008ae00000| Untracked 
|  89|0x000000008af00000, 0x000000008af00000, 0x000000008b000000|  0%| F|  |TAMS 0x000000008af00000, 0x000000008af00000| Untracked 
|  90|0x000000008b000000, 0x000000008b000000, 0x000000008b100000|  0%| F|  |TAMS 0x000000008b000000, 0x000000008b000000| Untracked 
|  91|0x000000008b100000, 0x000000008b100000, 0x000000008b200000|  0%| F|  |TAMS 0x000000008b100000, 0x000000008b100000| Untracked 
|  92|0x000000008b200000, 0x000000008b200000, 0x000000008b300000|  0%| F|  |TAMS 0x000000008b200000, 0x000000008b200000| Untracked 
|  93|0x000000008b300000, 0x000000008b300000, 0x000000008b400000|  0%| F|  |TAMS 0x000000008b300000, 0x000000008b300000| Untracked 
|  94|0x000000008b400000, 0x000000008b400000, 0x000000008b500000|  0%| F|  |TAMS 0x000000008b400000, 0x000000008b400000| Untracked 
|  95|0x000000008b500000, 0x000000008b500000, 0x000000008b600000|  0%| F|  |TAMS 0x000000008b500000, 0x000000008b500000| Untracked 
|  96|0x000000008b600000, 0x000000008b600000, 0x000000008b700000|  0%| F|  |TAMS 0x000000008b600000, 0x000000008b600000| Untracked 
|  97|0x000000008b700000, 0x000000008b700000, 0x000000008b800000|  0%| F|  |TAMS 0x000000008b700000, 0x000000008b700000| Untracked 
|  98|0x000000008b800000, 0x000000008b800000, 0x000000008b900000|  0%| F|  |TAMS 0x000000008b800000, 0x000000008b800000| Untracked 
|  99|0x000000008b900000, 0x000000008b900000, 0x000000008ba00000|  0%| F|  |TAMS 0x000000008b900000, 0x000000008b900000| Untracked 
| 100|0x000000008ba00000, 0x000000008ba00000, 0x000000008bb00000|  0%| F|  |TAMS 0x000000008ba00000, 0x000000008ba00000| Untracked 
| 101|0x000000008bb00000, 0x000000008bb00000, 0x000000008bc00000|  0%| F|  |TAMS 0x000000008bb00000, 0x000000008bb00000| Untracked 
| 102|0x000000008bc00000, 0x000000008bc00000, 0x000000008bd00000|  0%| F|  |TAMS 0x000000008bc00000, 0x000000008bc00000| Untracked 
| 103|0x000000008bd00000, 0x000000008bd00000, 0x000000008be00000|  0%| F|  |TAMS 0x000000008bd00000, 0x000000008bd00000| Untracked 
| 104|0x000000008be00000, 0x000000008be00000, 0x000000008bf00000|  0%| F|  |TAMS 0x000000008be00000, 0x000000008be00000| Untracked 
| 105|0x000000008bf00000, 0x000000008bf00000, 0x000000008c000000|  0%| F|  |TAMS 0x000000008bf00000, 0x000000008bf00000| Untracked 
| 106|0x000000008c000000, 0x000000008c000000, 0x000000008c100000|  0%| F|  |TAMS 0x000000008c000000, 0x000000008c000000| Untracked 
| 107|0x000000008c100000, 0x000000008c100000, 0x000000008c200000|  0%| F|  |TAMS 0x000000008c100000, 0x000000008c100000| Untracked 
| 108|0x000000008c200000, 0x000000008c200000, 0x000000008c300000|  0%| F|  |TAMS 0x000000008c200000, 0x000000008c200000| Untracked 
| 109|0x000000008c300000, 0x000000008c300000, 0x000000008c400000|  0%| F|  |TAMS 0x000000008c300000, 0x000000008c300000| Untracked 
| 110|0x000000008c400000, 0x000000008c400000, 0x000000008c500000|  0%| F|  |TAMS 0x000000008c400000, 0x000000008c400000| Untracked 
| 111|0x000000008c500000, 0x000000008c500000, 0x000000008c600000|  0%| F|  |TAMS 0x000000008c500000, 0x000000008c500000| Untracked 
| 112|0x000000008c600000, 0x000000008c600000, 0x000000008c700000|  0%| F|  |TAMS 0x000000008c600000, 0x000000008c600000| Untracked 
| 113|0x000000008c700000, 0x000000008c700000, 0x000000008c800000|  0%| F|  |TAMS 0x000000008c700000, 0x000000008c700000| Untracked 
| 114|0x000000008c800000, 0x000000008c800000, 0x000000008c900000|  0%| F|  |TAMS 0x000000008c800000, 0x000000008c800000| Untracked 
| 115|0x000000008c900000, 0x000000008c900000, 0x000000008ca00000|  0%| F|  |TAMS 0x000000008c900000, 0x000000008c900000| Untracked 
| 116|0x000000008ca00000, 0x000000008ca7b648, 0x000000008cb00000| 48%| E|  |TAMS 0x000000008ca00000, 0x000000008ca00000| Complete 
| 117|0x000000008cb00000, 0x000000008cc00000, 0x000000008cc00000|100%| E|CS|TAMS 0x000000008cb00000, 0x000000008cb00000| Complete 
| 118|0x000000008cc00000, 0x000000008cd00000, 0x000000008cd00000|100%| E|  |TAMS 0x000000008cc00000, 0x000000008cc00000| Complete 
| 119|0x000000008cd00000, 0x000000008ce00000, 0x000000008ce00000|100%| E|CS|TAMS 0x000000008cd00000, 0x000000008cd00000| Complete 
| 120|0x000000008ce00000, 0x000000008cf00000, 0x000000008cf00000|100%| E|CS|TAMS 0x000000008ce00000, 0x000000008ce00000| Complete 
| 121|0x000000008cf00000, 0x000000008d000000, 0x000000008d000000|100%| E|CS|TAMS 0x000000008cf00000, 0x000000008cf00000| Complete 
| 122|0x000000008d000000, 0x000000008d100000, 0x000000008d100000|100%| E|CS|TAMS 0x000000008d000000, 0x000000008d000000| Complete 
| 123|0x000000008d100000, 0x000000008d200000, 0x000000008d200000|100%| E|CS|TAMS 0x000000008d100000, 0x000000008d100000| Complete 
|1960|0x00000000ffe00000, 0x00000000ffe47000, 0x00000000fff00000| 27%|OA|  |TAMS 0x00000000ffe00000, 0x00000000ffe00000| Untracked 
|1961|0x00000000fff00000, 0x00000000fff6b000, 0x0000000100000000| 41%|CA|  |TAMS 0x00000000fff00000, 0x00000000fff00000| Untracked 

Card table byte_map: [0x00007fa30a43e000,0x00007fa30a813000] _byte_map_base: 0x00007fa30a013000

Marking Bits (Prev, Next): (CMBitMap*) 0x00007fa304058968, (CMBitMap*) 0x00007fa3040589a0
 Prev Bits: [0x00007fa3081c1000, 0x00007fa30a069000)
 Next Bits: [0x00007fa2e6158000, 0x00007fa2e8000000)

Polling page: 0x00007fa30b747000

Metaspace:

Usage:
  Non-class:      4,57 MB capacity,     2,87 MB ( 63%) used,     1,69 MB ( 37%) free+waste,     3,88 KB ( <1%) overhead. 
      Class:    451,00 KB capacity,   287,41 KB ( 64%) used,   161,59 KB ( 36%) free+waste,     2,00 KB ( <1%) overhead. 
       Both:      5,01 MB capacity,     3,16 MB ( 63%) used,     1,85 MB ( 37%) free+waste,     5,88 KB ( <1%) overhead. 

Virtual space:
  Non-class space:        8,00 MB reserved,       4,75 MB ( 59%) committed 
      Class space:        1,00 GB reserved,     512,00 KB ( <1%) committed 
             Both:        1,01 GB reserved,       5,25 MB ( <1%) committed 

Chunk freelists:
   Non-Class:  9,00 KB
       Class:  0 bytes
        Both:  9,00 KB

MaxMetaspaceSize: unlimited
CompressedClassSpaceSize: 1,00 GB

CodeHeap 'non-profiled nmethods': size=120032Kb used=146Kb max_used=146Kb free=119885Kb
 bounds [0x00007fa2f4359000, 0x00007fa2f45c9000, 0x00007fa2fb891000]
CodeHeap 'profiled nmethods': size=120028Kb used=713Kb max_used=713Kb free=119314Kb
 bounds [0x00007fa2ece22000, 0x00007fa2ed092000, 0x00007fa2f4359000]
CodeHeap 'non-nmethods': size=5700Kb used=1124Kb max_used=1138Kb free=4575Kb
 bounds [0x00007fa2ec891000, 0x00007fa2ecb01000, 0x00007fa2ece22000]
 total_blobs=838 nmethods=481 adapters=278
 compilation: enabled
              stopped_count=0, restarted_count=0
 full_count=0

Compilation events (20 events):
Event: 560,932 Thread 0x00007fa30419f800  472       3       org.eclipse.jdt.launching.internal.org.objectweb.asm.SymbolTable::addConstantUtf8 (98 bytes)
Event: 560,935 Thread 0x00007fa30419f800 nmethod 472 0x00007fa2eced1310 code [0x00007fa2eced1560, 0x00007fa2eced1c10]
Event: 577,143 Thread 0x00007fa30419f800  473       3       org.eclipse.jdt.launching.internal.org.objectweb.asm.SymbolTable::addConstantMemberReference (29 bytes)
Event: 577,143 Thread 0x00007fa30419f800 nmethod 473 0x00007fa2eced2010 code [0x00007fa2eced2220, 0x00007fa2eced2660]
Event: 577,143 Thread 0x00007fa30419f800  474       3       org.eclipse.jdt.launching.internal.org.objectweb.asm.SymbolTable::hash (20 bytes)
Event: 577,145 Thread 0x00007fa30419f800 nmethod 474 0x00007fa2eced2990 code [0x00007fa2eced2b60, 0x00007fa2eced2d20]
Event: 607,871 Thread 0x00007fa30419f800  475       1       org.eclipse.jdt.launching.internal.org.objectweb.asm.SymbolTable::getMajorVersion (5 bytes)
Event: 607,871 Thread 0x00007fa30419f800 nmethod 475 0x00007fa2f437c110 code [0x00007fa2f437c2c0, 0x00007fa2f437c390]
Event: 607,871 Thread 0x00007fa30419f800  476       1       org.eclipse.jdt.launching.internal.org.objectweb.asm.SymbolTable::getSource (5 bytes)
Event: 607,873 Thread 0x00007fa30419f800 nmethod 476 0x00007fa2f437c410 code [0x00007fa2f437c5c0, 0x00007fa2f437c690]
Event: 742,792 Thread 0x00007fa30419f800  477       3       org.eclipse.jdt.launching.internal.org.objectweb.asm.SymbolTable::addConstantNameAndType (28 bytes)
Event: 742,792 Thread 0x00007fa30419f800 nmethod 477 0x00007fa2eced2e90 code [0x00007fa2eced3080, 0x00007fa2eced3470]
Event: 742,793 Thread 0x00007fa30419f800  478       3       org.eclipse.jdt.launching.internal.org.objectweb.asm.SymbolTable::hash (15 bytes)
Event: 742,795 Thread 0x00007fa30419f800 nmethod 478 0x00007fa2eced3710 code [0x00007fa2eced38e0, 0x00007fa2eced3a50]
Event: 742,795 Thread 0x00007fa30419f800  479       3       org.eclipse.jdt.launching.internal.org.objectweb.asm.SymbolTable$Entry::<init> (18 bytes)
Event: 742,795 Thread 0x00007fa30419f800 nmethod 479 0x00007fa2eced3b90 code [0x00007fa2eced3d40, 0x00007fa2eced3ee0]
Event: 758,381 Thread 0x00007fa30419d800  480       4       org.eclipse.jdt.launching.internal.org.objectweb.asm.ClassReader::readUtf (44 bytes)
Event: 758,404 Thread 0x00007fa30419d800 nmethod 480 0x00007fa2f437c710 code [0x00007fa2f437c900, 0x00007fa2f437d318]
Event: 3100,648 Thread 0x00007fa30419f800  481       3       org.eclipse.jdt.launching.internal.org.objectweb.asm.ByteVector::putByteArray (49 bytes)
Event: 3100,655 Thread 0x00007fa30419f800 nmethod 481 0x00007fa2eced3f90 code [0x00007fa2eced4160, 0x00007fa2eced4430]

GC Heap History (0 events):
No events

Deoptimization events (20 events):
Event: 0,268 Thread 0x00007fa304018000 DEOPT PACKING pc=0x00007fa2ece9691f sp=0x00007fa30b8876a0
Event: 0,268 Thread 0x00007fa304018000 DEOPT UNPACKING pc=0x00007fa2ec8c853a sp=0x00007fa30b886b88 mode 0
Event: 0,268 Thread 0x00007fa304018000 DEOPT PACKING pc=0x00007fa2ece9691f sp=0x00007fa30b8876a0
Event: 0,268 Thread 0x00007fa304018000 DEOPT UNPACKING pc=0x00007fa2ec8c853a sp=0x00007fa30b886b88 mode 0
Event: 0,269 Thread 0x00007fa304018000 DEOPT PACKING pc=0x00007fa2ece9691f sp=0x00007fa30b8876a0
Event: 0,269 Thread 0x00007fa304018000 DEOPT UNPACKING pc=0x00007fa2ec8c853a sp=0x00007fa30b886b88 mode 0
Event: 0,269 Thread 0x00007fa304018000 DEOPT PACKING pc=0x00007fa2ece9691f sp=0x00007fa30b8876a0
Event: 0,269 Thread 0x00007fa304018000 DEOPT UNPACKING pc=0x00007fa2ec8c853a sp=0x00007fa30b886b88 mode 0
Event: 0,276 Thread 0x00007fa304018000 DEOPT PACKING pc=0x00007fa2ece9691f sp=0x00007fa30b887250
Event: 0,276 Thread 0x00007fa304018000 DEOPT UNPACKING pc=0x00007fa2ec8c853a sp=0x00007fa30b886738 mode 0
Event: 0,276 Thread 0x00007fa304018000 DEOPT PACKING pc=0x00007fa2ece9691f sp=0x00007fa30b887250
Event: 0,276 Thread 0x00007fa304018000 DEOPT UNPACKING pc=0x00007fa2ec8c853a sp=0x00007fa30b886738 mode 0
Event: 0,278 Thread 0x00007fa304018000 DEOPT PACKING pc=0x00007fa2ece9691f sp=0x00007fa30b887690
Event: 0,278 Thread 0x00007fa304018000 DEOPT UNPACKING pc=0x00007fa2ec8c853a sp=0x00007fa30b886b78 mode 0
Event: 0,281 Thread 0x00007fa304018000 DEOPT PACKING pc=0x00007fa2ece9691f sp=0x00007fa30b8860b0
Event: 0,281 Thread 0x00007fa304018000 DEOPT UNPACKING pc=0x00007fa2ec8c853a sp=0x00007fa30b885598 mode 0
Event: 0,282 Thread 0x00007fa304018000 DEOPT PACKING pc=0x00007fa2ece6d515 sp=0x00007fa30b886230
Event: 0,282 Thread 0x00007fa304018000 DEOPT UNPACKING pc=0x00007fa2ec8c853a sp=0x00007fa30b8856e8 mode 0
Event: 0,283 Thread 0x00007fa304018000 DEOPT PACKING pc=0x00007fa2ece9691f sp=0x00007fa30b8860b0
Event: 0,283 Thread 0x00007fa304018000 DEOPT UNPACKING pc=0x00007fa2ec8c853a sp=0x00007fa30b885598 mode 0

Classes redefined (20 events):
Event: 443,013 Thread 0x00007fa304186800 redefined class name=br.com.ed.fila.TesteDeque, count=5
Event: 466,647 Thread 0x00007fa304186800 redefined class name=br.com.ed.fila.TesteDeque, count=6
Event: 477,604 Thread 0x00007fa304186800 redefined class name=br.com.ed.fila.TesteDeque, count=7
Event: 495,611 Thread 0x00007fa304186800 redefined class name=br.com.ed.fila.TesteDeque, count=8
Event: 508,898 Thread 0x00007fa304186800 redefined class name=br.com.ed.fila.TesteDeque, count=9
Event: 541,923 Thread 0x00007fa304186800 redefined class name=br.com.ed.fila.TesteDeque, count=10
Event: 560,934 Thread 0x00007fa304186800 redefined class name=br.com.ed.fila.TesteDeque, count=11
Event: 577,144 Thread 0x00007fa304186800 redefined class name=br.com.ed.fila.TesteDeque, count=12
Event: 607,872 Thread 0x00007fa304186800 redefined class name=br.com.ed.fila.TesteDeque, count=13
Event: 626,356 Thread 0x00007fa304186800 redefined class name=br.com.ed.fila.TesteDeque, count=14
Event: 644,106 Thread 0x00007fa304186800 redefined class name=br.com.ed.fila.TesteDeque, count=15
Event: 658,700 Thread 0x00007fa304186800 redefined class name=br.com.ed.fila.TesteDeque, count=16
Event: 674,724 Thread 0x00007fa304186800 redefined class name=br.com.ed.fila.TesteDeque, count=17
Event: 678,524 Thread 0x00007fa304186800 redefined class name=br.com.ed.fila.TesteDeque, count=18
Event: 742,794 Thread 0x00007fa304186800 redefined class name=br.com.ed.fila.TesteDeque, count=19
Event: 758,385 Thread 0x00007fa304186800 redefined class name=br.com.ed.fila.TesteDeque, count=20
Event: 1141,685 Thread 0x00007fa304186800 redefined class name=br.com.ed.fila.TesteDeque, count=21
Event: 1168,759 Thread 0x00007fa304186800 redefined class name=br.com.ed.fila.TesteDeque, count=22
Event: 3100,654 Thread 0x00007fa304186800 redefined class name=br.com.ed.fila.TesteDeque, count=23
Event: 3110,911 Thread 0x00007fa304186800 redefined class name=br.com.ed.fila.TesteDeque, count=24

Internal exceptions (0 events):
No events

Events (20 events):
Event: 3101,434 Executing VM operation: GetFrameCount done
Event: 3101,434 Executing VM operation: GetOwnedMonitorInfo
Event: 3101,434 Executing VM operation: GetOwnedMonitorInfo done
Event: 3101,434 Executing VM operation: GetCurrentContendedMonitor
Event: 3101,434 Executing VM operation: GetCurrentContendedMonitor done
Event: 3110,910 Executing VM operation: RedefineClasses
Event: 3110,911 Executing VM operation: RedefineClasses done
Event: 3110,914 Executing VM operation: ChangeBreakpoints
Event: 3110,915 Executing VM operation: ChangeBreakpoints done
Event: 3110,916 Executing VM operation: GetFrameCount
Event: 3110,916 Executing VM operation: GetFrameCount done
Event: 3110,916 Executing VM operation: GetStackTrace
Event: 3110,916 Executing VM operation: GetStackTrace done
Event: 3110,943 Executing VM operation: GetFrameCount
Event: 3110,943 Executing VM operation: GetFrameCount done
Event: 3110,943 Executing VM operation: GetOwnedMonitorInfo
Event: 3110,943 Executing VM operation: GetOwnedMonitorInfo done
Event: 3110,943 Executing VM operation: GetCurrentContendedMonitor
Event: 3110,943 Executing VM operation: GetCurrentContendedMonitor done
Event: 3151,901 Executing VM operation: GetOrSetLocal


Dynamic libraries:
85600000-8d200000 rw-p 00000000 00:00 0 
8d200000-ffe00000 ---p 00000000 00:00 0 
ffe00000-ffe47000 rw-p 01111000 08:05 24905350                           /usr/lib/jvm/java-11-openjdk-amd64/lib/server/classes.jsa
ffe47000-fff00000 rw-p 00000000 00:00 0 
fff00000-fff6b000 rw-p 010a6000 08:05 24905350                           /usr/lib/jvm/java-11-openjdk-amd64/lib/server/classes.jsa
fff6b000-100000000 rw-p 00000000 00:00 0 
800000000-800002000 rwxp 00001000 08:05 24905350                         /usr/lib/jvm/java-11-openjdk-amd64/lib/server/classes.jsa
800002000-8010a5000 rw-p 00003000 08:05 24905350                         /usr/lib/jvm/java-11-openjdk-amd64/lib/server/classes.jsa
840000000-840080000 rw-p 00000000 00:00 0 
840080000-880000000 ---p 00000000 00:00 0 
563e1ac82000-563e1ac83000 r--p 00000000 08:05 24648429                   /usr/lib/jvm/java-11-openjdk-amd64/bin/java
563e1ac83000-563e1ac84000 r-xp 00001000 08:05 24648429                   /usr/lib/jvm/java-11-openjdk-amd64/bin/java
563e1ac84000-563e1ac85000 r--p 00002000 08:05 24648429                   /usr/lib/jvm/java-11-openjdk-amd64/bin/java
563e1ac85000-563e1ac86000 r--p 00002000 08:05 24648429                   /usr/lib/jvm/java-11-openjdk-amd64/bin/java
563e1ac86000-563e1ac87000 rw-p 00003000 08:05 24648429                   /usr/lib/jvm/java-11-openjdk-amd64/bin/java
563e1bc12000-563e1bc33000 rw-p 00000000 00:00 0                          [heap]
7fa294000000-7fa294021000 rw-p 00000000 00:00 0 
7fa294021000-7fa298000000 ---p 00000000 00:00 0 
7fa298000000-7fa298036000 rw-p 00000000 00:00 0 
7fa298036000-7fa29c000000 ---p 00000000 00:00 0 
7fa29c000000-7fa29c021000 rw-p 00000000 00:00 0 
7fa29c021000-7fa2a0000000 ---p 00000000 00:00 0 
7fa2a0000000-7fa2a0021000 rw-p 00000000 00:00 0 
7fa2a0021000-7fa2a4000000 ---p 00000000 00:00 0 
7fa2a4000000-7fa2a4209000 rw-p 00000000 00:00 0 
7fa2a4209000-7fa2a8000000 ---p 00000000 00:00 0 
7fa2a8000000-7fa2a8025000 rw-p 00000000 00:00 0 
7fa2a8025000-7fa2ac000000 ---p 00000000 00:00 0 
7fa2ac000000-7fa2ac021000 rw-p 00000000 00:00 0 
7fa2ac021000-7fa2b0000000 ---p 00000000 00:00 0 
7fa2b0000000-7fa2b0021000 rw-p 00000000 00:00 0 
7fa2b0021000-7fa2b4000000 ---p 00000000 00:00 0 
7fa2b4000000-7fa2b41d6000 rw-p 00000000 00:00 0 
7fa2b41d6000-7fa2b8000000 ---p 00000000 00:00 0 
7fa2b8000000-7fa2b80d6000 rw-p 00000000 00:00 0 
7fa2b80d6000-7fa2bc000000 ---p 00000000 00:00 0 
7fa2bc000000-7fa2bc021000 rw-p 00000000 00:00 0 
7fa2bc021000-7fa2c0000000 ---p 00000000 00:00 0 
7fa2c0000000-7fa2c0021000 rw-p 00000000 00:00 0 
7fa2c0021000-7fa2c4000000 ---p 00000000 00:00 0 
7fa2c4000000-7fa2c4021000 rw-p 00000000 00:00 0 
7fa2c4021000-7fa2c8000000 ---p 00000000 00:00 0 
7fa2c8000000-7fa2c8021000 rw-p 00000000 00:00 0 
7fa2c8021000-7fa2cc000000 ---p 00000000 00:00 0 
7fa2cc000000-7fa2cc021000 rw-p 00000000 00:00 0 
7fa2cc021000-7fa2d0000000 ---p 00000000 00:00 0 
7fa2d0000000-7fa2d0021000 rw-p 00000000 00:00 0 
7fa2d0021000-7fa2d4000000 ---p 00000000 00:00 0 
7fa2d4000000-7fa2d4021000 rw-p 00000000 00:00 0 
7fa2d4021000-7fa2d8000000 ---p 00000000 00:00 0 
7fa2d8000000-7fa2d8021000 rw-p 00000000 00:00 0 
7fa2d8021000-7fa2dc000000 ---p 00000000 00:00 0 
7fa2de0f8000-7fa2de0fc000 ---p 00000000 00:00 0 
7fa2de0fc000-7fa2de1f9000 rw-p 00000000 00:00 0 
7fa2de1f9000-7fa2de1fa000 ---p 00000000 00:00 0 
7fa2de1fa000-7fa2de2fb000 rw-p 00000000 00:00 0 
7fa2de2fb000-7fa2de2ff000 ---p 00000000 00:00 0 
7fa2de2ff000-7fa2de3fc000 rw-p 00000000 00:00 0 
7fa2de3fc000-7fa2de400000 ---p 00000000 00:00 0 
7fa2de400000-7fa2de4fd000 rw-p 00000000 00:00 0 
7fa2de4fd000-7fa2de501000 ---p 00000000 00:00 0 
7fa2de501000-7fa2de5fe000 rw-p 00000000 00:00 0 
7fa2de5fe000-7fa2de602000 ---p 00000000 00:00 0 
7fa2de602000-7fa2de6ff000 rw-p 00000000 00:00 0 
7fa2de6ff000-7fa2de703000 ---p 00000000 00:00 0 
7fa2de703000-7fa2de800000 rw-p 00000000 00:00 0 
7fa2de800000-7fa2de804000 ---p 00000000 00:00 0 
7fa2de804000-7fa2de901000 rw-p 00000000 00:00 0 
7fa2de901000-7fa2de905000 ---p 00000000 00:00 0 
7fa2de905000-7fa2dea02000 rw-p 00000000 00:00 0 
7fa2dea02000-7fa2dea06000 ---p 00000000 00:00 0 
7fa2dea06000-7fa2deb03000 rw-p 00000000 00:00 0 
7fa2deb03000-7fa2deb07000 ---p 00000000 00:00 0 
7fa2deb07000-7fa2dec04000 rw-p 00000000 00:00 0 
7fa2dec04000-7fa2dec08000 ---p 00000000 00:00 0 
7fa2dec08000-7fa2ded05000 rw-p 00000000 00:00 0 
7fa2ded05000-7fa2df277000 r--p 00000000 08:05 24517230                   /usr/lib/locale/locale-archive
7fa2df277000-7fa2df27b000 ---p 00000000 00:00 0 
7fa2df27b000-7fa2df378000 rw-p 00000000 00:00 0 
7fa2df378000-7fa2df37c000 ---p 00000000 00:00 0 
7fa2df37c000-7fa2df479000 rw-p 00000000 00:00 0 
7fa2df479000-7fa2df47a000 ---p 00000000 00:00 0 
7fa2df47a000-7fa2dfabc000 rw-p 00000000 00:00 0 
7fa2dfabc000-7fa2dfdfc000 ---p 00000000 00:00 0 
7fa2dfdfc000-7fa2dfdfd000 ---p 00000000 00:00 0 
7fa2dfdfd000-7fa2dfefe000 rw-p 00000000 00:00 0 
7fa2dfefe000-7fa2dfeff000 ---p 00000000 00:00 0 
7fa2dfeff000-7fa2e0000000 rw-p 00000000 00:00 0 
7fa2e0000000-7fa2e0021000 rw-p 00000000 00:00 0 
7fa2e0021000-7fa2e4000000 ---p 00000000 00:00 0 
7fa2e4057000-7fa2e6348000 rw-p 00000000 00:00 0 
7fa2e6348000-7fa2e7ff8000 ---p 00000000 00:00 0 
7fa2e7ff8000-7fa2e8000000 rw-p 00000000 00:00 0 
7fa2e8000000-7fa2e8021000 rw-p 00000000 00:00 0 
7fa2e8021000-7fa2ec000000 ---p 00000000 00:00 0 
7fa2ec02d000-7fa2ec78f000 rw-p 00000000 00:00 0 
7fa2ec78f000-7fa2ec790000 ---p 00000000 00:00 0 
7fa2ec790000-7fa2ec891000 rw-p 00000000 00:00 0 
7fa2ec891000-7fa2ecb01000 rwxp 00000000 00:00 0 
7fa2ecb01000-7fa2ece22000 ---p 00000000 00:00 0 
7fa2ece22000-7fa2ed092000 rwxp 00000000 00:00 0 
7fa2ed092000-7fa2f4359000 ---p 00000000 00:00 0 
7fa2f4359000-7fa2f45c9000 rwxp 00000000 00:00 0 
7fa2f45c9000-7fa2fb891000 ---p 00000000 00:00 0 
7fa2fb891000-7fa304000000 r--s 00000000 08:05 24905630                   /usr/lib/jvm/java-11-openjdk-amd64/lib/modules
7fa304000000-7fa3043b7000 rw-p 00000000 00:00 0 
7fa3043b7000-7fa308000000 ---p 00000000 00:00 0 
7fa308003000-7fa308007000 r--p 00000000 08:05 24905620                   /usr/lib/jvm/java-11-openjdk-amd64/lib/libnet.so
7fa308007000-7fa308016000 r-xp 00004000 08:05 24905620                   /usr/lib/jvm/java-11-openjdk-amd64/lib/libnet.so
7fa308016000-7fa30801a000 r--p 00013000 08:05 24905620                   /usr/lib/jvm/java-11-openjdk-amd64/lib/libnet.so
7fa30801a000-7fa30801b000 r--p 00016000 08:05 24905620                   /usr/lib/jvm/java-11-openjdk-amd64/lib/libnet.so
7fa30801b000-7fa30801c000 rw-p 00017000 08:05 24905620                   /usr/lib/jvm/java-11-openjdk-amd64/lib/libnet.so
7fa30801c000-7fa308023000 r--p 00000000 08:05 24905621                   /usr/lib/jvm/java-11-openjdk-amd64/lib/libnio.so
7fa308023000-7fa30802b000 r-xp 00007000 08:05 24905621                   /usr/lib/jvm/java-11-openjdk-amd64/lib/libnio.so
7fa30802b000-7fa30802e000 r--p 0000f000 08:05 24905621                   /usr/lib/jvm/java-11-openjdk-amd64/lib/libnio.so
7fa30802e000-7fa30802f000 r--p 00011000 08:05 24905621                   /usr/lib/jvm/java-11-openjdk-amd64/lib/libnio.so
7fa30802f000-7fa308030000 rw-p 00012000 08:05 24905621                   /usr/lib/jvm/java-11-openjdk-amd64/lib/libnio.so
7fa308030000-7fa308032000 r--p 00000000 08:05 24905600                   /usr/lib/jvm/java-11-openjdk-amd64/lib/libdt_socket.so
7fa308032000-7fa308035000 r-xp 00002000 08:05 24905600                   /usr/lib/jvm/java-11-openjdk-amd64/lib/libdt_socket.so
7fa308035000-7fa308036000 r--p 00005000 08:05 24905600                   /usr/lib/jvm/java-11-openjdk-amd64/lib/libdt_socket.so
7fa308036000-7fa308037000 ---p 00006000 08:05 24905600                   /usr/lib/jvm/java-11-openjdk-amd64/lib/libdt_socket.so
7fa308037000-7fa308038000 r--p 00006000 08:05 24905600                   /usr/lib/jvm/java-11-openjdk-amd64/lib/libdt_socket.so
7fa308038000-7fa308039000 rw-p 00007000 08:05 24905600                   /usr/lib/jvm/java-11-openjdk-amd64/lib/libdt_socket.so
7fa308039000-7fa308040000 r--s 00000000 08:05 25170204                   /usr/lib/x86_64-linux-gnu/gconv/gconv-modules.cache
7fa308040000-7fa308041000 ---p 00000000 00:00 0 
7fa308041000-7fa3083b1000 rw-p 00000000 00:00 0 
7fa3083b1000-7fa30a061000 ---p 00000000 00:00 0 
7fa30a061000-7fa30a0a7000 rw-p 00000000 00:00 0 
7fa30a0a7000-7fa30a43d000 ---p 00000000 00:00 0 
7fa30a43d000-7fa30a47c000 rw-p 00000000 00:00 0 
7fa30a47c000-7fa30a812000 ---p 00000000 00:00 0 
7fa30a812000-7fa30a851000 rw-p 00000000 00:00 0 
7fa30a851000-7fa30abe7000 ---p 00000000 00:00 0 
7fa30abe7000-7fa30b3f0000 rw-p 00000000 00:00 0 
7fa30b3f0000-7fa30b3f1000 ---p 00000000 00:00 0 
7fa30b3f1000-7fa30b4f7000 rw-p 00000000 00:00 0 
7fa30b4f7000-7fa30b5dd000 ---p 00000000 00:00 0 
7fa30b5dd000-7fa30b5e2000 rw-p 00000000 00:00 0 
7fa30b5e2000-7fa30b6c8000 ---p 00000000 00:00 0 
7fa30b6c8000-7fa30b6cd000 rw-p 00000000 00:00 0 
7fa30b6cd000-7fa30b6d4000 ---p 00000000 00:00 0 
7fa30b6d4000-7fa30b6d6000 r--s 0000c000 08:05 25301465                   /usr/share/java/java-atk-wrapper.jar
7fa30b6d6000-7fa30b6d9000 r--p 00000000 08:05 24512657                   /usr/lib/x86_64-linux-gnu/libnss_files-2.31.so
7fa30b6d9000-7fa30b6e0000 r-xp 00003000 08:05 24512657                   /usr/lib/x86_64-linux-gnu/libnss_files-2.31.so
7fa30b6e0000-7fa30b6e2000 r--p 0000a000 08:05 24512657                   /usr/lib/x86_64-linux-gnu/libnss_files-2.31.so
7fa30b6e2000-7fa30b6e3000 r--p 0000b000 08:05 24512657                   /usr/lib/x86_64-linux-gnu/libnss_files-2.31.so
7fa30b6e3000-7fa30b6e4000 rw-p 0000c000 08:05 24512657                   /usr/lib/x86_64-linux-gnu/libnss_files-2.31.so
7fa30b6e4000-7fa30b6ea000 rw-p 00000000 00:00 0 
7fa30b6ea000-7fa30b6ec000 r--p 00000000 08:05 24905629                   /usr/lib/jvm/java-11-openjdk-amd64/lib/libzip.so
7fa30b6ec000-7fa30b6f0000 r-xp 00002000 08:05 24905629                   /usr/lib/jvm/java-11-openjdk-amd64/lib/libzip.so
7fa30b6f0000-7fa30b6f2000 r--p 00006000 08:05 24905629                   /usr/lib/jvm/java-11-openjdk-amd64/lib/libzip.so
7fa30b6f2000-7fa30b6f3000 r--p 00007000 08:05 24905629                   /usr/lib/jvm/java-11-openjdk-amd64/lib/libzip.so
7fa30b6f3000-7fa30b6f4000 rw-p 00008000 08:05 24905629                   /usr/lib/jvm/java-11-openjdk-amd64/lib/libzip.so
7fa30b6f4000-7fa30b6fc000 rw-s 00000000 08:05 10357921                   /tmp/hsperfdata_bruno/97285
7fa30b6fc000-7fa30b6fe000 r--p 00000000 08:05 24905603                   /usr/lib/jvm/java-11-openjdk-amd64/lib/libinstrument.so
7fa30b6fe000-7fa30b704000 r-xp 00002000 08:05 24905603                   /usr/lib/jvm/java-11-openjdk-amd64/lib/libinstrument.so
7fa30b704000-7fa30b707000 r--p 00008000 08:05 24905603                   /usr/lib/jvm/java-11-openjdk-amd64/lib/libinstrument.so
7fa30b707000-7fa30b708000 r--p 0000a000 08:05 24905603                   /usr/lib/jvm/java-11-openjdk-amd64/lib/libinstrument.so
7fa30b708000-7fa30b709000 rw-p 0000b000 08:05 24905603                   /usr/lib/jvm/java-11-openjdk-amd64/lib/libinstrument.so
7fa30b709000-7fa30b70b000 r--p 00000000 08:05 24905611                   /usr/lib/jvm/java-11-openjdk-amd64/lib/libjdwp.so
7fa30b70b000-7fa30b737000 r-xp 00002000 08:05 24905611                   /usr/lib/jvm/java-11-openjdk-amd64/lib/libjdwp.so
7fa30b737000-7fa30b745000 r--p 0002e000 08:05 24905611                   /usr/lib/jvm/java-11-openjdk-amd64/lib/libjdwp.so
7fa30b745000-7fa30b746000 r--p 0003b000 08:05 24905611                   /usr/lib/jvm/java-11-openjdk-amd64/lib/libjdwp.so
7fa30b746000-7fa30b747000 rw-p 0003c000 08:05 24905611                   /usr/lib/jvm/java-11-openjdk-amd64/lib/libjdwp.so
7fa30b747000-7fa30b748000 ---p 00000000 00:00 0 
7fa30b748000-7fa30b749000 r--p 00000000 00:00 0 
7fa30b749000-7fa30b74b000 r--p 00000000 08:05 24905612                   /usr/lib/jvm/java-11-openjdk-amd64/lib/libjimage.so
7fa30b74b000-7fa30b74e000 r-xp 00002000 08:05 24905612                   /usr/lib/jvm/java-11-openjdk-amd64/lib/libjimage.so
7fa30b74e000-7fa30b74f000 r--p 00005000 08:05 24905612                   /usr/lib/jvm/java-11-openjdk-amd64/lib/libjimage.so
7fa30b74f000-7fa30b750000 ---p 00006000 08:05 24905612                   /usr/lib/jvm/java-11-openjdk-amd64/lib/libjimage.so
7fa30b750000-7fa30b751000 r--p 00006000 08:05 24905612                   /usr/lib/jvm/java-11-openjdk-amd64/lib/libjimage.so
7fa30b751000-7fa30b752000 rw-p 00007000 08:05 24905612                   /usr/lib/jvm/java-11-openjdk-amd64/lib/libjimage.so
7fa30b752000-7fa30b760000 r--p 00000000 08:05 24905608                   /usr/lib/jvm/java-11-openjdk-amd64/lib/libjava.so
7fa30b760000-7fa30b776000 r-xp 0000e000 08:05 24905608                   /usr/lib/jvm/java-11-openjdk-amd64/lib/libjava.so
7fa30b776000-7fa30b77d000 r--p 00024000 08:05 24905608                   /usr/lib/jvm/java-11-openjdk-amd64/lib/libjava.so
7fa30b77d000-7fa30b77e000 r--p 0002a000 08:05 24905608                   /usr/lib/jvm/java-11-openjdk-amd64/lib/libjava.so
7fa30b77e000-7fa30b77f000 rw-p 0002b000 08:05 24905608                   /usr/lib/jvm/java-11-openjdk-amd64/lib/libjava.so
7fa30b77f000-7fa30b780000 rw-p 00000000 00:00 0 
7fa30b780000-7fa30b783000 r--p 00000000 08:05 24512668                   /usr/lib/x86_64-linux-gnu/librt-2.31.so
7fa30b783000-7fa30b787000 r-xp 00003000 08:05 24512668                   /usr/lib/x86_64-linux-gnu/librt-2.31.so
7fa30b787000-7fa30b788000 r--p 00007000 08:05 24512668                   /usr/lib/x86_64-linux-gnu/librt-2.31.so
7fa30b788000-7fa30b789000 ---p 00008000 08:05 24512668                   /usr/lib/x86_64-linux-gnu/librt-2.31.so
7fa30b789000-7fa30b78a000 r--p 00008000 08:05 24512668                   /usr/lib/x86_64-linux-gnu/librt-2.31.so
7fa30b78a000-7fa30b78b000 rw-p 00009000 08:05 24512668                   /usr/lib/x86_64-linux-gnu/librt-2.31.so
7fa30b78b000-7fa30b78f000 ---p 00000000 00:00 0 
7fa30b78f000-7fa30b88c000 rw-p 00000000 00:00 0 
7fa30b88c000-7fa30b88f000 r--p 00000000 08:05 24512640                   /usr/lib/x86_64-linux-gnu/libgcc_s.so.1
7fa30b88f000-7fa30b8a1000 r-xp 00003000 08:05 24512640                   /usr/lib/x86_64-linux-gnu/libgcc_s.so.1
7fa30b8a1000-7fa30b8a5000 r--p 00015000 08:05 24512640                   /usr/lib/x86_64-linux-gnu/libgcc_s.so.1
7fa30b8a5000-7fa30b8a6000 r--p 00018000 08:05 24512640                   /usr/lib/x86_64-linux-gnu/libgcc_s.so.1
7fa30b8a6000-7fa30b8a7000 rw-p 00019000 08:05 24512640                   /usr/lib/x86_64-linux-gnu/libgcc_s.so.1
7fa30b8a7000-7fa30b8b6000 r--p 00000000 08:05 24512651                   /usr/lib/x86_64-linux-gnu/libm-2.31.so
7fa30b8b6000-7fa30b95d000 r-xp 0000f000 08:05 24512651                   /usr/lib/x86_64-linux-gnu/libm-2.31.so
7fa30b95d000-7fa30b9f4000 r--p 000b6000 08:05 24512651                   /usr/lib/x86_64-linux-gnu/libm-2.31.so
7fa30b9f4000-7fa30b9f5000 r--p 0014c000 08:05 24512651                   /usr/lib/x86_64-linux-gnu/libm-2.31.so
7fa30b9f5000-7fa30b9f6000 rw-p 0014d000 08:05 24512651                   /usr/lib/x86_64-linux-gnu/libm-2.31.so
7fa30b9f6000-7fa30ba8c000 r--p 00000000 08:05 24512643                   /usr/lib/x86_64-linux-gnu/libstdc++.so.6.0.28
7fa30ba8c000-7fa30bb7c000 r-xp 00096000 08:05 24512643                   /usr/lib/x86_64-linux-gnu/libstdc++.so.6.0.28
7fa30bb7c000-7fa30bbc5000 r--p 00186000 08:05 24512643                   /usr/lib/x86_64-linux-gnu/libstdc++.so.6.0.28
7fa30bbc5000-7fa30bbc6000 ---p 001cf000 08:05 24512643                   /usr/lib/x86_64-linux-gnu/libstdc++.so.6.0.28
7fa30bbc6000-7fa30bbd1000 r--p 001cf000 08:05 24512643                   /usr/lib/x86_64-linux-gnu/libstdc++.so.6.0.28
7fa30bbd1000-7fa30bbd4000 rw-p 001da000 08:05 24512643                   /usr/lib/x86_64-linux-gnu/libstdc++.so.6.0.28
7fa30bbd4000-7fa30bbd7000 rw-p 00000000 00:00 0 
7fa30bbd7000-7fa30be50000 r--p 00000000 08:05 24905633                   /usr/lib/jvm/java-11-openjdk-amd64/lib/server/libjvm.so
7fa30be50000-7fa30cad1000 r-xp 00279000 08:05 24905633                   /usr/lib/jvm/java-11-openjdk-amd64/lib/server/libjvm.so
7fa30cad1000-7fa30cd27000 r--p 00efa000 08:05 24905633                   /usr/lib/jvm/java-11-openjdk-amd64/lib/server/libjvm.so
7fa30cd27000-7fa30cd28000 ---p 01150000 08:05 24905633                   /usr/lib/jvm/java-11-openjdk-amd64/lib/server/libjvm.so
7fa30cd28000-7fa30cde9000 r--p 01150000 08:05 24905633                   /usr/lib/jvm/java-11-openjdk-amd64/lib/server/libjvm.so
7fa30cde9000-7fa30ce24000 rw-p 01211000 08:05 24905633                   /usr/lib/jvm/java-11-openjdk-amd64/lib/server/libjvm.so
7fa30ce24000-7fa30ce7d000 rw-p 00000000 00:00 0 
7fa30ce7d000-7fa30ce84000 r--p 00000000 08:05 24512666                   /usr/lib/x86_64-linux-gnu/libpthread-2.31.so
7fa30ce84000-7fa30ce95000 r-xp 00007000 08:05 24512666                   /usr/lib/x86_64-linux-gnu/libpthread-2.31.so
7fa30ce95000-7fa30ce9a000 r--p 00018000 08:05 24512666                   /usr/lib/x86_64-linux-gnu/libpthread-2.31.so
7fa30ce9a000-7fa30ce9b000 r--p 0001c000 08:05 24512666                   /usr/lib/x86_64-linux-gnu/libpthread-2.31.so
7fa30ce9b000-7fa30ce9c000 rw-p 0001d000 08:05 24512666                   /usr/lib/x86_64-linux-gnu/libpthread-2.31.so
7fa30ce9c000-7fa30cea0000 rw-p 00000000 00:00 0 
7fa30cea0000-7fa30cea1000 r--p 00000000 08:05 24512650                   /usr/lib/x86_64-linux-gnu/libdl-2.31.so
7fa30cea1000-7fa30cea3000 r-xp 00001000 08:05 24512650                   /usr/lib/x86_64-linux-gnu/libdl-2.31.so
7fa30cea3000-7fa30cea4000 r--p 00003000 08:05 24512650                   /usr/lib/x86_64-linux-gnu/libdl-2.31.so
7fa30cea4000-7fa30cea5000 r--p 00003000 08:05 24512650                   /usr/lib/x86_64-linux-gnu/libdl-2.31.so
7fa30cea5000-7fa30cea6000 rw-p 00004000 08:05 24512650                   /usr/lib/x86_64-linux-gnu/libdl-2.31.so
7fa30cea6000-7fa30cea8000 r--p 00000000 08:05 24512672                   /usr/lib/x86_64-linux-gnu/libz.so.1.2.11
7fa30cea8000-7fa30ceb9000 r-xp 00002000 08:05 24512672                   /usr/lib/x86_64-linux-gnu/libz.so.1.2.11
7fa30ceb9000-7fa30cebf000 r--p 00013000 08:05 24512672                   /usr/lib/x86_64-linux-gnu/libz.so.1.2.11
7fa30cebf000-7fa30cec0000 ---p 00019000 08:05 24512672                   /usr/lib/x86_64-linux-gnu/libz.so.1.2.11
7fa30cec0000-7fa30cec1000 r--p 00019000 08:05 24512672                   /usr/lib/x86_64-linux-gnu/libz.so.1.2.11
7fa30cec1000-7fa30cec2000 rw-p 0001a000 08:05 24512672                   /usr/lib/x86_64-linux-gnu/libz.so.1.2.11
7fa30cec2000-7fa30cee7000 r--p 00000000 08:05 24512649                   /usr/lib/x86_64-linux-gnu/libc-2.31.so
7fa30cee7000-7fa30d05f000 r-xp 00025000 08:05 24512649                   /usr/lib/x86_64-linux-gnu/libc-2.31.so
7fa30d05f000-7fa30d0a9000 r--p 0019d000 08:05 24512649                   /usr/lib/x86_64-linux-gnu/libc-2.31.so
7fa30d0a9000-7fa30d0aa000 ---p 001e7000 08:05 24512649                   /usr/lib/x86_64-linux-gnu/libc-2.31.so
7fa30d0aa000-7fa30d0ad000 r--p 001e7000 08:05 24512649                   /usr/lib/x86_64-linux-gnu/libc-2.31.so
7fa30d0ad000-7fa30d0b0000 rw-p 001ea000 08:05 24512649                   /usr/lib/x86_64-linux-gnu/libc-2.31.so
7fa30d0b0000-7fa30d0b4000 rw-p 00000000 00:00 0 
7fa30d0b4000-7fa30d0b9000 r--p 00000000 08:05 24905628                   /usr/lib/jvm/java-11-openjdk-amd64/lib/libverify.so
7fa30d0b9000-7fa30d0c0000 r-xp 00005000 08:05 24905628                   /usr/lib/jvm/java-11-openjdk-amd64/lib/libverify.so
7fa30d0c0000-7fa30d0c2000 r--p 0000c000 08:05 24905628                   /usr/lib/jvm/java-11-openjdk-amd64/lib/libverify.so
7fa30d0c2000-7fa30d0c3000 ---p 0000e000 08:05 24905628                   /usr/lib/jvm/java-11-openjdk-amd64/lib/libverify.so
7fa30d0c3000-7fa30d0c5000 r--p 0000e000 08:05 24905628                   /usr/lib/jvm/java-11-openjdk-amd64/lib/libverify.so
7fa30d0c5000-7fa30d0c6000 rw-p 00010000 08:05 24905628                   /usr/lib/jvm/java-11-openjdk-amd64/lib/libverify.so
7fa30d0c6000-7fa30d0c9000 r--p 00000000 08:05 24905592                   /usr/lib/jvm/java-11-openjdk-amd64/lib/jli/libjli.so
7fa30d0c9000-7fa30d0d3000 r-xp 00003000 08:05 24905592                   /usr/lib/jvm/java-11-openjdk-amd64/lib/jli/libjli.so
7fa30d0d3000-7fa30d0d6000 r--p 0000d000 08:05 24905592                   /usr/lib/jvm/java-11-openjdk-amd64/lib/jli/libjli.so
7fa30d0d6000-7fa30d0d7000 ---p 00010000 08:05 24905592                   /usr/lib/jvm/java-11-openjdk-amd64/lib/jli/libjli.so
7fa30d0d7000-7fa30d0d8000 r--p 00010000 08:05 24905592                   /usr/lib/jvm/java-11-openjdk-amd64/lib/jli/libjli.so
7fa30d0d8000-7fa30d0d9000 rw-p 00011000 08:05 24905592                   /usr/lib/jvm/java-11-openjdk-amd64/lib/jli/libjli.so
7fa30d0d9000-7fa30d0db000 rw-p 00000000 00:00 0 
7fa30d0db000-7fa30d0dc000 r--p 00000000 08:05 24512645                   /usr/lib/x86_64-linux-gnu/ld-2.31.so
7fa30d0dc000-7fa30d0ff000 r-xp 00001000 08:05 24512645                   /usr/lib/x86_64-linux-gnu/ld-2.31.so
7fa30d0ff000-7fa30d107000 r--p 00024000 08:05 24512645                   /usr/lib/x86_64-linux-gnu/ld-2.31.so
7fa30d108000-7fa30d109000 r--p 0002c000 08:05 24512645                   /usr/lib/x86_64-linux-gnu/ld-2.31.so
7fa30d109000-7fa30d10a000 rw-p 0002d000 08:05 24512645                   /usr/lib/x86_64-linux-gnu/ld-2.31.so
7fa30d10a000-7fa30d10b000 rw-p 00000000 00:00 0 
7ffe24ec6000-7ffe24ee7000 rw-p 00000000 00:00 0                          [stack]
7ffe24f8b000-7ffe24f8f000 r--p 00000000 00:00 0                          [vvar]
7ffe24f8f000-7ffe24f91000 r-xp 00000000 00:00 0                          [vdso]
ffffffffff600000-ffffffffff601000 --xp 00000000 00:00 0                  [vsyscall]


VM Arguments:
jvm_args: -agentlib:jdwp=transport=dt_socket,suspend=y,address=localhost:42353 -javaagent:/home/bruno/eclipse/java-2020-12/eclipse/configuration/org.eclipse.osgi/215/0/.cp/lib/javaagent-shaded.jar -Dfile.encoding=UTF-8 
java_command: br.com.ed.fila.TesteDeque
java_class_path (initial): /home/bruno/eclipse-workspace/estrutura-dados/bin
Launcher Type: SUN_STANDARD

[Global flags]
     intx CICompilerCount                          = 4                                         {product} {ergonomic}
     uint ConcGCThreads                            = 2                                         {product} {ergonomic}
     uint G1ConcRefinementThreads                  = 8                                         {product} {ergonomic}
   size_t G1HeapRegionSize                         = 1048576                                   {product} {ergonomic}
    uintx GCDrainStackTargetSize                   = 64                                        {product} {ergonomic}
   size_t InitialHeapSize                          = 130023424                                 {product} {ergonomic}
   size_t MarkStackSize                            = 4194304                                   {product} {ergonomic}
   size_t MaxHeapSize                              = 2057306112                                {product} {ergonomic}
   size_t MaxNewSize                               = 1234173952                                {product} {ergonomic}
   size_t MinHeapDeltaBytes                        = 1048576                                   {product} {ergonomic}
    uintx NonNMethodCodeHeapSize                   = 5836300                                {pd product} {ergonomic}
    uintx NonProfiledCodeHeapSize                  = 122910970                              {pd product} {ergonomic}
    uintx ProfiledCodeHeapSize                     = 122910970                              {pd product} {ergonomic}
    uintx ReservedCodeCacheSize                    = 251658240                              {pd product} {ergonomic}
     bool SegmentedCodeCache                       = true                                      {product} {ergonomic}
     bool UseCompressedClassPointers               = true                                 {lp64_product} {ergonomic}
     bool UseCompressedOops                        = true                                 {lp64_product} {ergonomic}
     bool UseG1GC                                  = true                                      {product} {ergonomic}

Logging:
Log output configuration:
 #0: stdout all=warning uptime,level,tags
 #1: stderr all=off uptime,level,tags

Environment Variables:
PATH=/home/bruno/.local/bin:/usr/local/sbin:/usr/local/bin:/usr/sbin:/usr/bin:/sbin:/bin:/usr/games:/usr/local/games:/snap/bin
USERNAME=bruno
SHELL=/bin/bash
DISPLAY=:0
LANG=pt_BR.UTF-8

Signal Handlers:
SIGSEGV: [libjvm.so+0xe85e00], sa_mask[0]=11111111011111111101111111111110, sa_flags=SA_RESTART|SA_SIGINFO
SIGBUS: [libjvm.so+0xe85e00], sa_mask[0]=11111111011111111101111111111110, sa_flags=SA_RESTART|SA_SIGINFO
SIGFPE: [libjvm.so+0xe85e00], sa_mask[0]=11111111011111111101111111111110, sa_flags=SA_RESTART|SA_SIGINFO
SIGPIPE: [libjvm.so+0xbcbc30], sa_mask[0]=11111111011111111101111111111110, sa_flags=SA_RESTART|SA_SIGINFO
SIGXFSZ: [libjvm.so+0xbcbc30], sa_mask[0]=11111111011111111101111111111110, sa_flags=SA_RESTART|SA_SIGINFO
SIGILL: [libjvm.so+0xe85e00], sa_mask[0]=11111111011111111101111111111110, sa_flags=SA_RESTART|SA_SIGINFO
SIGUSR2: [libjvm.so+0xbcbad0], sa_mask[0]=00100000000000000000000000000000, sa_flags=SA_RESTART|SA_SIGINFO
SIGHUP: [libjvm.so+0xbcbf70], sa_mask[0]=11111111011111111101111111111110, sa_flags=SA_RESTART|SA_SIGINFO
SIGINT: [libjvm.so+0xbcbf70], sa_mask[0]=11111111011111111101111111111110, sa_flags=SA_RESTART|SA_SIGINFO
SIGTERM: [libjvm.so+0xbcbf70], sa_mask[0]=11111111011111111101111111111110, sa_flags=SA_RESTART|SA_SIGINFO
SIGQUIT: [libjvm.so+0xbcbf70], sa_mask[0]=11111111011111111101111111111110, sa_flags=SA_RESTART|SA_SIGINFO


---------------  S Y S T E M  ---------------

OS:DISTRIB_ID=Ubuntu
DISTRIB_RELEASE=20.04
DISTRIB_CODENAME=focal
DISTRIB_DESCRIPTION="Ubuntu 20.04.1 LTS"
uname:Linux 5.8.0-43-generic #49~20.04.1-Ubuntu SMP Fri Feb 5 09:57:56 UTC 2021 x86_64
OS uptime: 1 days 4:56 hours
libc:glibc 2.31 NPTL 2.31 
rlimit (soft/hard): STACK 8192k/infinity , CORE 0k/infinity , NPROC 31134/31134 , NOFILE 1048576/1048576 , AS infinity/infinity , CPU infinity/infinity , DATA infinity/infinity , FSIZE infinity/infinity , MEMLOCK 65536k/65536k
load average:3,14 3,08 3,23

/proc/meminfo:
MemTotal:        8028700 kB
MemFree:         1676204 kB
MemAvailable:    3025760 kB
Buffers:          107896 kB
Cached:          1785952 kB
SwapCached:         5844 kB
Active:          4467356 kB
Inactive:        1330476 kB
Active(anon):    3675180 kB
Inactive(anon):   617632 kB
Active(file):     792176 kB
Inactive(file):   712844 kB
Unevictable:      104404 kB
Mlocked:              96 kB
SwapTotal:       2097148 kB
SwapFree:        1856988 kB
Dirty:              2028 kB
Writeback:             0 kB
AnonPages:       4004556 kB
Mapped:           512192 kB
Shmem:            391072 kB
KReclaimable:     137936 kB
Slab:             315260 kB
SReclaimable:     137936 kB
SUnreclaim:       177324 kB
KernelStack:       16036 kB
PageTables:        35204 kB
NFS_Unstable:          0 kB
Bounce:                0 kB
WritebackTmp:          0 kB
CommitLimit:     6111496 kB
Committed_AS:   11521780 kB
VmallocTotal:   34359738367 kB
VmallocUsed:       38932 kB
VmallocChunk:          0 kB
Percpu:             8224 kB
HardwareCorrupted:     0 kB
AnonHugePages:         0 kB
ShmemHugePages:        0 kB
ShmemPmdMapped:        0 kB
FileHugePages:         0 kB
FilePmdMapped:         0 kB
HugePages_Total:       0
HugePages_Free:        0
HugePages_Rsvd:        0
HugePages_Surp:        0
Hugepagesize:       2048 kB
Hugetlb:               0 kB
DirectMap4k:      440956 kB
DirectMap2M:     7825408 kB
DirectMap1G:           0 kB

/sys/kernel/mm/transparent_hugepage/enabled:
always [madvise] never
/sys/kernel/mm/transparent_hugepage/defrag (defrag/compaction efforts parameter):
always defer defer+madvise [madvise] never

/proc/sys/kernel/threads-max (system-wide limit on the number of threads):
62268
/proc/sys/vm/max_map_count (maximum number of memory map areas a process may have):
65530
/proc/sys/kernel/pid_max (system-wide limit on number of process identifiers):
4194304

container (cgroup) information:
container_type: cgroupv1
cpu_cpuset_cpus: 0-7
cpu_memory_nodes: 0
active_processor_count: 8
cpu_quota: -1
cpu_period: 100000
cpu_shares: -1
memory_limit_in_bytes: -1
memory_and_swap_limit_in_bytes: -1
memory_soft_limit_in_bytes: -1
memory_usage_in_bytes: 5448957952
memory_max_usage_in_bytes: 7059824640

Steal ticks since vm start: 0
Steal ticks percentage since vm start:  0,000

CPU:total 8 (initial active 8) (4 cores per cpu, 2 threads per core) family 6 model 142 stepping 12 microcode 0xde, cmov, cx8, fxsr, mmx, sse, sse2, sse3, ssse3, sse4.1, sse4.2, popcnt, avx, avx2, aes, clmul, erms, 3dnowpref, lzcnt, ht, tsc, tscinvbit, bmi1, bmi2, adx, fma
CPU Model and flags from /proc/cpuinfo:
model name	: Intel(R) Core(TM) i5-8265U CPU @ 1.60GHz
flags		: fpu vme de pse tsc msr pae mce cx8 apic sep mtrr pge mca cmov pat pse36 clflush dts acpi mmx fxsr sse sse2 ss ht tm pbe syscall nx pdpe1gb rdtscp lm constant_tsc art arch_perfmon pebs bts rep_good nopl xtopology nonstop_tsc cpuid aperfmperf pni pclmulqdq dtes64 monitor ds_cpl vmx est tm2 ssse3 sdbg fma cx16 xtpr pdcm pcid sse4_1 sse4_2 x2apic movbe popcnt tsc_deadline_timer aes xsave avx f16c rdrand lahf_lm abm 3dnowprefetch cpuid_fault epb invpcid_single ssbd ibrs ibpb stibp ibrs_enhanced tpr_shadow vnmi flexpriority ept vpid ept_ad fsgsbase tsc_adjust bmi1 avx2 smep bmi2 erms invpcid mpx rdseed adx smap clflushopt intel_pt xsaveopt xsavec xgetbv1 xsaves dtherm ida arat pln pts hwp hwp_notify hwp_act_window hwp_epp md_clear flush_l1d arch_capabilities
Online cpus:
0-7
Offline cpus:

BIOS frequency limitation:
<Not Available>
Frequency switch latency (ns):
0
Available cpu frequencies:
<Not Available>
Current governor:
powersave
Core performance/turbo boost:
<Not Available>

Memory: 4k page, physical 8028700k(1676204k free), swap 2097148k(1856988k free)

vm_info: OpenJDK 64-Bit Server VM (11.0.10+9-Ubuntu-0ubuntu1.20.04) for linux-amd64 JRE (11.0.10+9-Ubuntu-0ubuntu1.20.04), built on Jan 20 2021 02:32:18 by "unknown" with gcc 9.3.0

END.
